<?xml version='1.0' encoding='UTF-8' ?>
<testsuite name="com.example.wordsapp.NavigationTests" tests="1" failures="1" errors="0" skipped="0" time="12.81" timestamp="2022-10-20T21:37:54" hostname="localhost">
  <properties>
    <property name="device" value="Pixel_2_API_30(AVD) - 11" />
    <property name="flavor" value="" />
    <property name="project" value=":app" />
  </properties>
  <testcase name="navigate_to_words_nav_component" classname="com.example.wordsapp.NavigationTests" time="11.327">
    <failure>androidx.test.espresso.base.RootViewPicker$RootViewWithoutFocusException: Waited for the root of the view hierarchy to have window focus and not request layout for 10 seconds. If you specified a non default root matcher, it may be picking a root that never takes focus. Root:
Root{application-window-token=android.view.ViewRootImpl$W&#64;cd3406e, window-token=android.view.ViewRootImpl$W&#64;cd3406e, has-window-focus=false, layout-params-type=1, layout-params-string={(0,0)(fillxfill) sim={forwardNavigation} ty=BASE_APPLICATION wanim=0x10302fe
fl=LAYOUT_IN_SCREEN LAYOUT_INSET_DECOR SPLIT_TOUCH HARDWARE_ACCELERATED DRAWS_SYSTEM_BAR_BACKGROUNDS
pfl=FORCE_DRAW_STATUS_BAR_BACKGROUND FIT_INSETS_CONTROLLED
fitSides=}, decor-view-string=DecorView{id=-1, visibility=VISIBLE, width=1080, height=1920, has-focus=false, has-focusable=true, has-window-focus=false, is-clickable=false, is-enabled=true, is-focused=false, is-focusable=false, is-layout-requested=false, is-selected=false, layout-params={(0,0)(fillxfill) sim={forwardNavigation} ty=BASE_APPLICATION wanim=0x10302fe
fl=LAYOUT_IN_SCREEN LAYOUT_INSET_DECOR SPLIT_TOUCH HARDWARE_ACCELERATED DRAWS_SYSTEM_BAR_BACKGROUNDS
pfl=FORCE_DRAW_STATUS_BAR_BACKGROUND FIT_INSETS_CONTROLLED
fitSides=}, tag=null, root-is-layout-requested=false, has-input-connection=false, x=0.0, y=0.0, child-count=1}}
at dalvik.system.VMStack.getThreadStackTrace(Native Method)
at java.lang.Thread.getStackTrace(Thread.java:1736)
at androidx.test.espresso.base.DefaultFailureHandler.getUserFriendlyError(DefaultFailureHandler.java:12)
at androidx.test.espresso.base.DefaultFailureHandler.handle(DefaultFailureHandler.java:7)
at androidx.test.espresso.ViewInteraction.waitForAndHandleInteractionResults(ViewInteraction.java:8)
at androidx.test.espresso.ViewInteraction.desugaredPerform(ViewInteraction.java:11)
at androidx.test.espresso.ViewInteraction.perform(ViewInteraction.java:4)
at com.example.wordsapp.NavigationTests.navigate_to_words_nav_component(NavigationTests.kt:34)</failure>
  </testcase>
</testsuite>